<?xml version="1.0" encoding="UTF-8"?>
<!-- Generated by org.testng.reporters.JUnitReportReporter -->
<testsuite hostname="ozels-mbp.lan" failures="0" tests="1" name="com.hrms.testcases.LoginTest" time="6.080" errors="0" timestamp="2020-05-30T14:50:42 EDT" skipped="0">
  <testcase classname="com.hrms.testcases.LoginTest" name="validAdminLogin" time="6.080"/>
  <system-out/>
</testsuite> <!-- com.hrms.testcases.LoginTest -->
