<?xml version="1.0" encoding="UTF-8"?>
<!-- Generated by org.testng.reporters.JUnitReportReporter -->
<testsuite hostname="ozels-mbp.lan" failures="0" tests="4" name="com.hrms.testcases.LoginTest" time="17.722" errors="0" timestamp="2020-06-02T00:48:09 EDT" skipped="0">
  <testcase classname="com.hrms.testcases.LoginTest" name="validAdminLogin" time="5.645"/>
  <system-out/>
  <testcase classname="com.hrms.testcases.LoginTest" name="timeStamp" time="3.636"/>
  <system-out/>
  <testcase classname="com.hrms.testcases.LoginTest" name="invalidPasswordLogin" time="4.845"/>
  <system-out/>
  <testcase classname="com.hrms.testcases.LoginTest" name="emptyUsernameLogin" time="3.596"/>
  <system-out/>
</testsuite> <!-- com.hrms.testcases.LoginTest -->
