<?xml version="1.0" encoding="UTF-8"?>
<!-- Generated by org.testng.reporters.JUnitReportReporter -->
<testsuite hostname="ozels-mbp.lan" failures="0" tests="3" name="com.hrms.testcases.CreateReportTest" time="53.140" errors="0" timestamp="2020-06-02T01:00:43 EDT" skipped="0">
  <testcase classname="com.hrms.testcases.CreateReportTest" name="addReport" time="17.094"/>
  <system-out/>
  <testcase classname="com.hrms.testcases.CreateReportTest" name="addReport" time="17.658"/>
  <system-out/>
  <testcase classname="com.hrms.testcases.CreateReportTest" name="addReport" time="18.388"/>
  <system-out/>
</testsuite> <!-- com.hrms.testcases.CreateReportTest -->
