<?xml version="1.0" encoding="UTF-8"?>
<!-- Generated by org.testng.reporters.JUnitReportReporter -->
<testsuite hostname="ozels-mbp.lan" failures="0" tests="1" name="com.hrms.testcases.LoginTest" time="8.757" errors="0" timestamp="2020-06-02T21:17:32 EDT" skipped="0">
  <testcase classname="com.hrms.testcases.LoginTest" name="validAdminLogin" time="8.757"/>
  <system-out/>
</testsuite> <!-- com.hrms.testcases.LoginTest -->
