<?xml version="1.0" encoding="UTF-8"?>
<!-- Generated by org.testng.reporters.JUnitReportReporter -->
<testsuite hostname="ozels-mbp.lan" failures="0" tests="2" name="com.hrms.testcases.AddEmployeeTest" time="8.807" errors="0" timestamp="2020-06-02T21:17:32 EDT" skipped="1">
  <testcase classname="com.hrms.testcases.AddEmployeeTest" name="requiredFields" time="8.807"/>
  <system-out/>
  <testcase classname="com.hrms.testcases.AddEmployeeTest" name="addEmployee" time="0.000">
    <skipped/>
  </testcase> <!-- addEmployee -->
  <system-out/>
</testsuite> <!-- com.hrms.testcases.AddEmployeeTest -->
